[16:48:01] [main/DEBUG] [FML/]: Injecting tracing printstreams for STDOUT/STDERR.
[16:48:01] [main/INFO] [FML/]: Forge Mod Loader version 7.99.39.1566 for Minecraft 1.7.10 loading
[16:48:01] [main/INFO] [FML/]: Java is Java HotSpot(TM) 64-Bit Server VM, version 1.8.0_291, running on Windows 10:amd64:10.0, installed at C:\Program Files\Java\jdk1.8.0_291\jre
[16:48:01] [main/DEBUG] [FML/]: Java classpath at launch is C:\hcml\\.minecraft\libraries\net\minecraftforge\forge\1.7.10-10.13.4.1566-1.7.10\forge-1.7.10-10.13.4.1566-1.7.10.jar;C:\hcml\\.minecraft\libraries\net\minecraft\launchwrapper\1.12\launchwrapper-1.12.jar;C:\hcml\\.minecraft\libraries\org\ow2\asm\asm-all\5.0.3\asm-all-5.0.3.jar;C:\hcml\\.minecraft\libraries\com\typesafe\akka\akka-actor_2.11\2.3.3\akka-actor_2.11-2.3.3.jar;C:\hcml\\.minecraft\libraries\com\typesafe\config\1.2.1\config-1.2.1.jar;C:\hcml\\.minecraft\libraries\org\scala-lang\scala-actors-migration_2.11\1.1.0\scala-actors-migration_2.11-1.1.0.jar;C:\hcml\\.minecraft\libraries\org\scala-lang\scala-compiler\2.11.1\scala-compiler-2.11.1.jar;C:\hcml\\.minecraft\libraries\org\scala-lang\plugins\scala-continuations-library_2.11\1.0.2\scala-continuations-library_2.11-1.0.2.jar;C:\hcml\\.minecraft\libraries\org\scala-lang\plugins\scala-continuations-plugin_2.11.1\1.0.2\scala-continuations-plugin_2.11.1-1.0.2.jar;C:\hcml\\.minecraft\libraries\org\scala-lang\scala-library\2.11.1\scala-library-2.11.1.jar;C:\hcml\\.minecraft\libraries\org\scala-lang\scala-parser-combinators_2.11\1.0.1\scala-parser-combinators_2.11-1.0.1.jar;C:\hcml\\.minecraft\libraries\org\scala-lang\scala-reflect\2.11.1\scala-reflect-2.11.1.jar;C:\hcml\\.minecraft\libraries\org\scala-lang\scala-swing_2.11\1.0.1\scala-swing_2.11-1.0.1.jar;C:\hcml\\.minecraft\libraries\org\scala-lang\scala-xml_2.11\1.0.2\scala-xml_2.11-1.0.2.jar;C:\hcml\\.minecraft\libraries\lzma\lzma\0.0.1\lzma-0.0.1.jar;C:\hcml\\.minecraft\libraries\net\sf\jopt-simple\jopt-simple\4.5\jopt-simple-4.5.jar;C:\hcml\\.minecraft\libraries\com\google\guava\guava\17.0\guava-17.0.jar;C:\hcml\\.minecraft\libraries\org\apache\commons\commons-lang3\3.3.2\commons-lang3-3.3.2.jar;C:\hcml\\.minecraft\libraries\com\mojang\netty\1.8.8\netty-1.8.8.jar;C:\hcml\\.minecraft\libraries\com\mojang\realms\1.3.5\realms-1.3.5.jar;C:\hcml\\.minecraft\libraries\org\apache\commons\commons-compress\1.8.1\commons-compress-1.8.1.jar;C:\hcml\\.minecraft\libraries\org\apache\httpcomponents\httpclient\4.3.3\httpclient-4.3.3.jar;C:\hcml\\.minecraft\libraries\commons-logging\commons-logging\1.1.3\commons-logging-1.1.3.jar;C:\hcml\\.minecraft\libraries\org\apache\httpcomponents\httpcore\4.3.2\httpcore-4.3.2.jar;C:\hcml\\.minecraft\libraries\java3d\vecmath\1.3.1\vecmath-1.3.1.jar;C:\hcml\\.minecraft\libraries\net\sf\trove4j\trove4j\3.0.3\trove4j-3.0.3.jar;C:\hcml\\.minecraft\libraries\com\ibm\icu\icu4j-core-mojang\51.2\icu4j-core-mojang-51.2.jar;C:\hcml\\.minecraft\libraries\com\paulscode\codecjorbis\20101023\codecjorbis-20101023.jar;C:\hcml\\.minecraft\libraries\com\paulscode\codecwav\20101023\codecwav-20101023.jar;C:\hcml\\.minecraft\libraries\com\paulscode\libraryjavasound\20101123\libraryjavasound-20101123.jar;C:\hcml\\.minecraft\libraries\com\paulscode\librarylwjglopenal\20100824\librarylwjglopenal-20100824.jar;C:\hcml\\.minecraft\libraries\com\paulscode\soundsystem\20120107\soundsystem-20120107.jar;C:\hcml\\.minecraft\libraries\io\netty\netty-all\4.0.10.Final\netty-all-4.0.10.Final.jar;C:\hcml\\.minecraft\libraries\commons-io\commons-io\2.4\commons-io-2.4.jar;C:\hcml\\.minecraft\libraries\commons-codec\commons-codec\1.9\commons-codec-1.9.jar;C:\hcml\\.minecraft\libraries\net\java\jinput\jinput\2.0.5\jinput-2.0.5.jar;C:\hcml\\.minecraft\libraries\net\java\jutils\jutils\1.0.0\jutils-1.0.0.jar;C:\hcml\\.minecraft\libraries\com\google\code\gson\gson\2.2.4\gson-2.2.4.jar;C:\hcml\\.minecraft\libraries\com\mojang\authlib\1.5.21\authlib-1.5.21.jar;C:\hcml\\.minecraft\libraries\org\apache\logging\log4j\log4j-api\2.0-beta9\log4j-api-2.0-beta9.jar;C:\hcml\\.minecraft\libraries\org\apache\logging\log4j\log4j-core\2.0-beta9\log4j-core-2.0-beta9.jar;C:\hcml\\.minecraft\libraries\org\lwjgl\lwjgl\lwjgl\2.9.1\lwjgl-2.9.1.jar;C:\hcml\\.minecraft\libraries\org\lwjgl\lwjgl\lwjgl_util\2.9.1\lwjgl_util-2.9.1.jar;C:\hcml\\.minecraft\libraries\tv\twitch\twitch\5.16\twitch-5.16.jar;C:\hcml\\.minecraft\versions\1.7.10\1.7.10.jar;C:\hcml\\.minecraft\libraries\org\glavo\llvmpipe-loader\1.0\llvmpipe-loader-1.0.jar
[16:48:01] [main/DEBUG] [FML/]: Java library path at launch is C:\hcml\\.minecraft\versions\1.7.10\natives-windows-x86_64
[16:48:01] [main/DEBUG] [FML/]: Enabling runtime deobfuscation
[16:48:01] [main/DEBUG] [FML/]: Instantiating coremod class FMLCorePlugin
[16:48:01] [main/DEBUG] [FML/]: Added access transformer class cpw.mods.fml.common.asm.transformers.AccessTransformer to enqueued access transformers
[16:48:01] [main/DEBUG] [FML/]: Enqueued coremod FMLCorePlugin
[16:48:01] [main/DEBUG] [FML/]: Instantiating coremod class FMLForgePlugin
[16:48:01] [main/DEBUG] [FML/]: Added access transformer class net.minecraftforge.transformers.ForgeAccessTransformer to enqueued access transformers
[16:48:01] [main/DEBUG] [FML/]: Enqueued coremod FMLForgePlugin
[16:48:01] [main/DEBUG] [FML/]: All fundamental core mods are successfully located
[16:48:01] [main/DEBUG] [FML/]: Attempting to load commandline specified mods, relative to C:\hcml\.minecraft
[16:48:01] [main/DEBUG] [FML/]: Discovering coremods
[16:48:01] [main/DEBUG] [FML/]: Examining for coremod candidacy ElectricalAge-jrddunbr-1.20.3.jar
[16:48:02] [main/DEBUG] [FML/]: Not found coremod data in ElectricalAge-jrddunbr-1.20.3.jar
[16:48:02] [main/DEBUG] [FML/]: Examining for coremod candidacy OpenComputers-MC1.7.10-1.8.3+089dd28-universal.jar
[16:48:02] [main/TRACE] [FML/]: Found FMLCorePluginContainsFMLMod marker in OpenComputers-MC1.7.10-1.8.3+089dd28-universal.jar, it will be examined later for regular @Mod instances
[16:48:02] [main/DEBUG] [FML/]: Instantiating coremod class TransformerLoader
[16:48:02] [main/DEBUG] [FML/]: The coremod li.cil.oc.common.launch.TransformerLoader requested minecraft version 1.7.10 and minecraft is 1.7.10. It will be loaded.
[16:48:02] [main/DEBUG] [FML/]: Enqueued coremod TransformerLoader
[16:48:02] [main/INFO] [LaunchWrapper/]: Loading tweak class name cpw.mods.fml.common.launcher.FMLInjectionAndSortingTweaker
[16:48:02] [main/INFO] [LaunchWrapper/]: Loading tweak class name cpw.mods.fml.common.launcher.FMLDeobfTweaker
[16:48:02] [main/INFO] [LaunchWrapper/]: Calling tweak class cpw.mods.fml.common.launcher.FMLInjectionAndSortingTweaker
[16:48:02] [main/INFO] [LaunchWrapper/]: Calling tweak class cpw.mods.fml.common.launcher.FMLInjectionAndSortingTweaker
[16:48:02] [main/INFO] [LaunchWrapper/]: Calling tweak class cpw.mods.fml.relauncher.CoreModManager$FMLPluginWrapper
[16:48:02] [main/DEBUG] [FML/]: Injecting coremod FMLCorePlugin {cpw.mods.fml.relauncher.FMLCorePlugin} class transformers
[16:48:02] [main/TRACE] [FML/]: Registering transformer cpw.mods.fml.common.asm.transformers.MarkerTransformer
[16:48:02] [main/TRACE] [FML/]: Registering transformer cpw.mods.fml.common.asm.transformers.SideTransformer
[16:48:02] [main/TRACE] [FML/]: Registering transformer cpw.mods.fml.common.asm.transformers.EventSubscriptionTransformer
[16:48:02] [main/DEBUG] [FML/]: Injection complete
[16:48:02] [main/DEBUG] [FML/]: Running coremod plugin for FMLCorePlugin {cpw.mods.fml.relauncher.FMLCorePlugin}
[16:48:02] [main/DEBUG] [FML/]: Running coremod plugin FMLCorePlugin
[16:48:02] [main/DEBUG] [FML/]: Read 527 binary patches
[16:48:02] [main/INFO] [FML/]: Found valid fingerprint for Minecraft Forge. Certificate fingerprint e3c3d50c7c986df74c645c0ac54639741c90a557
[16:48:02] [main/INFO] [FML/]: Found valid fingerprint for Minecraft. Certificate fingerprint cd99959656f753dc28d863b46769f7f8fbaefcfc
[16:48:02] [main/DEBUG] [FML/]: Coremod plugin class FMLCorePlugin run successfully
[16:48:02] [main/INFO] [LaunchWrapper/]: Calling tweak class cpw.mods.fml.relauncher.CoreModManager$FMLPluginWrapper
[16:48:02] [main/DEBUG] [FML/]: Injecting coremod FMLForgePlugin {net.minecraftforge.classloading.FMLForgePlugin} class transformers
[16:48:02] [main/TRACE] [FML/]: Registering transformer net.minecraftforge.classloading.FluidIdTransformer
[16:48:02] [main/DEBUG] [FML/]: Injection complete
[16:48:02] [main/DEBUG] [FML/]: Running coremod plugin for FMLForgePlugin {net.minecraftforge.classloading.FMLForgePlugin}
[16:48:02] [main/DEBUG] [FML/]: Running coremod plugin FMLForgePlugin
[16:48:02] [main/DEBUG] [FML/]: Coremod plugin class FMLForgePlugin run successfully
[16:48:02] [main/INFO] [LaunchWrapper/]: Calling tweak class cpw.mods.fml.relauncher.CoreModManager$FMLPluginWrapper
[16:48:02] [main/DEBUG] [FML/]: Injecting coremod TransformerLoader {li.cil.oc.common.launch.TransformerLoader} class transformers
[16:48:02] [main/TRACE] [FML/]: Registering transformer li.cil.oc.common.asm.ClassTransformer
[16:48:02] [main/DEBUG] [FML/]: Injection complete
[16:48:02] [main/DEBUG] [FML/]: Running coremod plugin for TransformerLoader {li.cil.oc.common.launch.TransformerLoader}
[16:48:02] [main/DEBUG] [FML/]: Running coremod plugin TransformerLoader
[16:48:02] [main/DEBUG] [FML/]: Coremod plugin class TransformerLoader run successfully
[16:48:02] [main/INFO] [LaunchWrapper/]: Calling tweak class cpw.mods.fml.common.launcher.FMLDeobfTweaker
[16:48:02] [main/DEBUG] [FML/]: Loaded 57 rules from AccessTransformer config file fml_at.cfg
[16:48:03] [main/DEBUG] [FML/]: Loaded 89 rules from AccessTransformer config file forge_at.cfg
[16:48:03] [main/DEBUG] [FML/]: Loaded 8 rules from AccessTransformer mod jar file C:\hcml\.minecraft\mods\OpenComputers-MC1.7.10-1.8.3+089dd28-universal.jar!META-INF/oc_at.cfg

[16:48:03] [main/DEBUG] [FML/]: Validating minecraft
[16:48:03] [main/DEBUG] [FML/]: Minecraft validated, launching...
[16:48:03] [main/INFO] [LaunchWrapper/]: Loading tweak class name cpw.mods.fml.common.launcher.TerminalTweaker
[16:48:03] [main/INFO] [LaunchWrapper/]: Calling tweak class cpw.mods.fml.common.launcher.TerminalTweaker
[16:48:03] [main/INFO] [LaunchWrapper/]: Launching wrapped minecraft {net.minecraft.client.main.Main}
[16:48:03] [main/ERROR] [LaunchWrapper/]: Unable to launch
java.lang.reflect.InvocationTargetException
	at sun.reflect.NativeMethodAccessorImpl.invoke0(Native Method) ~[?:1.8.0_291]
	at sun.reflect.NativeMethodAccessorImpl.invoke(NativeMethodAccessorImpl.java:62) ~[?:1.8.0_291]
	at sun.reflect.DelegatingMethodAccessorImpl.invoke(DelegatingMethodAccessorImpl.java:43) ~[?:1.8.0_291]
	at java.lang.reflect.Method.invoke(Method.java:498) ~[?:1.8.0_291]
	at net.minecraft.launchwrapper.Launch.launch(Launch.java:135) [launchwrapper-1.12.jar:?]
	at net.minecraft.launchwrapper.Launch.main(Launch.java:28) [launchwrapper-1.12.jar:?]
Caused by: java.lang.UnsatisfiedLinkError: no lwjgl in java.library.path
	at java.lang.ClassLoader.loadLibrary(ClassLoader.java:1860) ~[?:1.8.0_291]
	at java.lang.Runtime.loadLibrary0(Runtime.java:871) ~[?:1.8.0_291]
	at java.lang.System.loadLibrary(System.java:1122) ~[?:1.8.0_291]
	at org.lwjgl.Sys$1.run(Sys.java:73) ~[lwjgl-2.9.1.jar:?]
	at java.security.AccessController.doPrivileged(Native Method) ~[?:1.8.0_291]
	at org.lwjgl.Sys.doLoadLibrary(Sys.java:66) ~[lwjgl-2.9.1.jar:?]
	at org.lwjgl.Sys.loadLibrary(Sys.java:95) ~[lwjgl-2.9.1.jar:?]
	at org.lwjgl.Sys.<clinit>(Sys.java:112) ~[lwjgl-2.9.1.jar:?]
	at net.minecraft.client.Minecraft.func_71386_F(Minecraft.java:2671) ~[bao.class:?]
	at net.minecraft.client.main.Main.main(SourceFile:72) ~[Main.class:?]
	... 6 more
[16:48:03] [main/INFO] [STDERR/]: [java.lang.Throwable$WrappedPrintStream:println:749]: cpw.mods.fml.relauncher.FMLSecurityManager$ExitTrappedException
[16:48:03] [main/INFO] [STDERR/]: [java.lang.Throwable$WrappedPrintStream:println:749]: 	at cpw.mods.fml.relauncher.FMLSecurityManager.checkPermission(FMLSecurityManager.java:25)
[16:48:03] [main/INFO] [STDERR/]: [java.lang.Throwable$WrappedPrintStream:println:749]: 	at java.lang.SecurityManager.checkExit(SecurityManager.java:761)
[16:48:03] [main/INFO] [STDERR/]: [java.lang.Throwable$WrappedPrintStream:println:749]: 	at java.lang.Runtime.exit(Runtime.java:107)
[16:48:03] [main/INFO] [STDERR/]: [java.lang.Throwable$WrappedPrintStream:println:749]: 	at java.lang.System.exit(System.java:971)
[16:48:03] [main/INFO] [STDERR/]: [java.lang.Throwable$WrappedPrintStream:println:749]: 	at net.minecraft.launchwrapper.Launch.launch(Launch.java:138)
[16:48:03] [main/INFO] [STDERR/]: [java.lang.Throwable$WrappedPrintStream:println:749]: 	at net.minecraft.launchwrapper.Launch.main(Launch.java:28)
