2023-11-20 14:21:06 [SERVER] [INFO] Starting integrated minecraft server version 1.6.2
2023-11-20 14:21:06 [SERVER] [INFO] Generating keypair
2023-11-20 14:21:06 [SERVER] [INFO] Converting map!
2023-11-20 14:21:06 [SERVER] [INFO] Scanning folders...
2023-11-20 14:21:06 [SERVER] [INFO] Total conversion count is 0
2023-11-20 14:21:06 [SERVER] [INFO] Preparing start region for level 0
2023-11-20 14:21:07 [SERVER] [INFO] Preparing spawn area: 39%
2023-11-20 14:21:08 [SERVER] [INFO] Preparing spawn area: 78%
2023-11-20 14:21:09 [SERVER] [INFO] tester[/127.0.0.1:0] logged in with entity id 145 at (171.5, 64.0, 126.5)
2023-11-20 14:21:09 [SERVER] [INFO] tester joined the game
2023-11-20 14:21:31 [SERVER] [INFO] Saving and pausing game...
2023-11-20 14:21:31 [SERVER] [INFO] Saving chunks for level '1_6'/Overworld
2023-11-20 14:21:32 [SERVER] [INFO] Saving chunks for level '1_6'/Nether
2023-11-20 14:21:32 [SERVER] [INFO] Saving chunks for level '1_6'/The End
2023-11-20 14:21:58 [SERVER] [INFO] Saving and pausing game...
2023-11-20 14:21:58 [SERVER] [INFO] Saving chunks for level '1_6'/Overworld
2023-11-20 14:21:58 [SERVER] [INFO] Saving chunks for level '1_6'/Nether
2023-11-20 14:21:58 [SERVER] [INFO] Saving chunks for level '1_6'/The End
2023-11-20 14:21:59 [SERVER] [INFO] Stopping server
2023-11-20 14:21:59 [SERVER] [INFO] Saving players
2023-11-20 14:21:59 [SERVER] [INFO] tester left the game
2023-11-20 14:21:59 [SERVER] [INFO] Saving worlds
2023-11-20 14:21:59 [SERVER] [INFO] Saving chunks for level '1_6'/Overworld
2023-11-20 14:21:59 [SERVER] [INFO] Saving chunks for level '1_6'/Nether
2023-11-20 14:21:59 [SERVER] [INFO] Saving chunks for level '1_6'/The End
